<?xml version="1.0" encoding="UTF-8"?>
<!-- Generated by org.testng.reporters.JUnitXMLReporter -->
<testsuite ignored="0" hostname="LAPTOP-JBLC0VFG" failures="0" tests="6" name="CreateCustomerAPITest" time="2.901" errors="0" timestamp="2021-01-04T08:18:25 IST">
  <testcase classname="com.w2a.APITestingFramework.testcases.CreateCustomerTest" name="InValidCustomerAPIWithVSK" time="2.084"/>
  <testcase classname="com.w2a.APITestingFramework.testcases.CreateCustomerTest" name="InValidCustomerAPIWithVSK" time="2.084"/>
  <testcase classname="com.w2a.APITestingFramework.testcases.CreateCustomerTest" name="validateCustomerAPIWithVSK" time="0.736"/>
  <testcase classname="com.w2a.APITestingFramework.testcases.CreateCustomerTest" name="validateCustomerAPIWithVSK" time="0.744"/>
  <testcase classname="com.w2a.APITestingFramework.testcases.CreateCustomerTest" name="validateCustomerAPIWithVSK" time="0.749"/>
  <testcase classname="com.w2a.APITestingFramework.testcases.CreateCustomerTest" name="validateCustomerAPIWithVSK" time="0.749"/>
</testsuite> <!-- CreateCustomerAPITest -->
