<?xml version="1.0" encoding="UTF-8"?>
<!-- Generated by org.testng.reporters.JUnitXMLReporter -->
<testsuite ignored="0" hostname="LAPTOP-JBLC0VFG" failures="0" tests="6" name="CreateCustomerAPITest" time="3.052" errors="0" timestamp="2021-01-04T11:20:14 IST">
  <testcase classname="com.w2a.APITestingFramework.testcases.CreateCustomerTest" name="InValidCustomerAPIWithVSK" time="2.158"/>
  <testcase classname="com.w2a.APITestingFramework.testcases.CreateCustomerTest" name="InValidCustomerAPIWithVSK" time="2.158"/>
  <testcase classname="com.w2a.APITestingFramework.testcases.CreateCustomerTest" name="validateCustomerAPIWithVSK" time="0.826"/>
  <testcase classname="com.w2a.APITestingFramework.testcases.CreateCustomerTest" name="validateCustomerAPIWithVSK" time="0.829"/>
  <testcase classname="com.w2a.APITestingFramework.testcases.CreateCustomerTest" name="validateCustomerAPIWithVSK" time="0.826"/>
  <testcase classname="com.w2a.APITestingFramework.testcases.CreateCustomerTest" name="validateCustomerAPIWithVSK" time="0.827"/>
</testsuite> <!-- CreateCustomerAPITest -->
