<?xml version="1.0" encoding="UTF-8"?>
<testsuite xmlns:xsi="http://www.w3.org/2001/XMLSchema-instance" xsi:noNamespaceSchemaLocation="https://maven.apache.org/surefire/maven-surefire-plugin/xsd/surefire-test-report.xsd" name="TestSuite" time="6.841" tests="9" errors="0" skipped="0" failures="3">
  <properties>
[...]
</properties>
  <testcase name="InValidCustomerAPIWithVSK" classname="com.w2a.APITestingFramework.testcases.CreateCustomerTest" time="2.16"/>
  <testcase name="InValidCustomerAPIWithVSK" classname="com.w2a.APITestingFramework.testcases.CreateCustomerTest" time="2.161"/>
  <testcase name="validateCustomerAPIWithVSK" classname="com.w2a.APITestingFramework.testcases.CreateCustomerTest" time="0.827"/>
  <testcase name="validateCustomerAPIWithVSK" classname="com.w2a.APITestingFramework.testcases.CreateCustomerTest" time="0.828"/>
  <testcase name="validateCustomerAPIWithVSK" classname="com.w2a.APITestingFramework.testcases.CreateCustomerTest" time="0.828"/>
  <testcase name="validateCustomerAPIWithVSK" classname="com.w2a.APITestingFramework.testcases.CreateCustomerTest" time="0.828"/>
  <testcase name="deleteCustomer" classname="com.w2a.APITestingFramework.testcases.DeleteCustomerTest" time="1.079">
    <failure message="expected [200] but found [404]" type="java.lang.AssertionError">java.lang.AssertionError: expected [200] but found [404]
	at com.w2a.APITestingFramework.testcases.DeleteCustomerTest.deleteCustomer(DeleteCustomerTest.java:35)
</failure>
    <system-out><![CDATA[Total rows are : 17
Test name is : deleteCustomer
Test case starts from row num: 13
Total rows of data are : 3
Total cols are : 1
{
    "error": {
        "code": "resource_missing",
        "doc_url": "https://stripe.com/docs/error-codes/resource-missing",
        "message": "No such customer: 'cus_Igwg4CPswT3Tmx'",
        "param": "id",
        "type": "invalid_request_error"
    }
}
{
    "error": {
        "code": "resource_missing",
        "doc_url": "https://stripe.com/docs/error-codes/resource-missing",
        "message": "No such customer: 'cus_IgwgJFdRPGqaaq'",
        "param": "id",
        "type": "invalid_request_error"
    }
}
{
    "error": {
        "code": "resource_missing",
        "doc_url": "https://stripe.com/docs/error-codes/resource-missing",
        "message": "No such customer: 'cus_IgwguPTDdeGnd6'",
        "param": "id",
        "type": "invalid_request_error"
    }
}
404
404
404
]]></system-out>
  </testcase>
  <testcase name="deleteCustomer" classname="com.w2a.APITestingFramework.testcases.DeleteCustomerTest" time="1.079">
    <failure message="expected [200] but found [404]" type="java.lang.AssertionError">java.lang.AssertionError: expected [200] but found [404]
	at com.w2a.APITestingFramework.testcases.DeleteCustomerTest.deleteCustomer(DeleteCustomerTest.java:35)
</failure>
  </testcase>
  <testcase name="deleteCustomer" classname="com.w2a.APITestingFramework.testcases.DeleteCustomerTest" time="1.079">
    <failure message="expected [200] but found [404]" type="java.lang.AssertionError">java.lang.AssertionError: expected [200] but found [404]
	at com.w2a.APITestingFramework.testcases.DeleteCustomerTest.deleteCustomer(DeleteCustomerTest.java:35)
</failure>
  </testcase>
</testsuite>